TpTrace Verbose: 0 : 14244, 1, 2022/08/10, 12:11:09.321, 19640913392154, vstest.console.dll, Version: 16.10.0-release-20210520-03
TpTrace Information: 0 : 14244, 1, 2022/08/10, 12:11:09.334, 19640913516120, vstest.console.dll, FilePatternParser: The given file C:\git\SysManager\SysManager.Tests\bin\Debug\netcoreapp3.1\fine-code-coverage\build-output\SysManager.Tests.dll is a full path.
TpTrace Verbose: 0 : 14244, 1, 2022/08/10, 12:11:09.349, 19640913665857, vstest.console.dll, TestPluginCache.DiscoverTestExtensions: finding test extensions in assemblies ends with: RuntimeProvider.dll TPluginInfo: Microsoft.VisualStudio.TestPlatform.Common.ExtensionFramework.Utilities.TestRuntimePluginInformation TExtension: Microsoft.VisualStudio.TestPlatform.ObjectModel.Host.ITestRuntimeProvider
TpTrace Verbose: 0 : 14244, 1, 2022/08/10, 12:11:09.350, 19640913668623, vstest.console.dll, TestPluginCache.GetExtensionPaths: Filtered extension paths: 
TpTrace Verbose: 0 : 14244, 1, 2022/08/10, 12:11:09.350, 19640913669323, vstest.console.dll, TestPluginCache.GetExtensionPaths: Added default extension paths: C:\Program Files\dotnet\sdk\5.0.301\Extensions\Microsoft.Diagnostics.NETCore.Client.dll
C:\Program Files\dotnet\sdk\5.0.301\Extensions\Microsoft.TestPlatform.Extensions.BlameDataCollector.dll
C:\Program Files\dotnet\sdk\5.0.301\Extensions\Microsoft.TestPlatform.Extensions.EventLogCollector.dll
C:\Program Files\dotnet\sdk\5.0.301\Extensions\Microsoft.TestPlatform.TestHostRuntimeProvider.dll
C:\Program Files\dotnet\sdk\5.0.301\Extensions\Microsoft.VisualStudio.TestPlatform.Extensions.Html.TestLogger.dll
C:\Program Files\dotnet\sdk\5.0.301\Extensions\Microsoft.VisualStudio.TestPlatform.Extensions.Trx.TestLogger.dll
TpTrace Verbose: 0 : 14244, 1, 2022/08/10, 12:11:09.350, 19640913669525, vstest.console.dll, TestPluginCache.GetExtensionPaths: Added unfilterableExtensionPaths: 
TpTrace Information: 0 : 14244, 1, 2022/08/10, 12:11:09.350, 19640913675154, vstest.console.dll, AssemblyResolver.ctor: Creating AssemblyResolver with searchDirectories C:\Program Files\dotnet\sdk\5.0.301\Extensions,C:\Program Files\dotnet\sdk\5.0.301
TpTrace Verbose: 0 : 14244, 1, 2022/08/10, 12:11:09.351, 19640913683530, vstest.console.dll, TestPluginCache.DiscoverTestExtensions: Discovering the extensions using extension path.
TpTrace Verbose: 0 : 14244, 1, 2022/08/10, 12:11:09.351, 19640913684319, vstest.console.dll, TestPluginCache.GetExtensionPaths: Filtered extension paths: 
TpTrace Verbose: 0 : 14244, 1, 2022/08/10, 12:11:09.351, 19640913684611, vstest.console.dll, TestPluginCache.GetExtensionPaths: Added default extension paths: C:\Program Files\dotnet\sdk\5.0.301\Extensions\Microsoft.Diagnostics.NETCore.Client.dll
C:\Program Files\dotnet\sdk\5.0.301\Extensions\Microsoft.TestPlatform.Extensions.BlameDataCollector.dll
C:\Program Files\dotnet\sdk\5.0.301\Extensions\Microsoft.TestPlatform.Extensions.EventLogCollector.dll
C:\Program Files\dotnet\sdk\5.0.301\Extensions\Microsoft.TestPlatform.TestHostRuntimeProvider.dll
C:\Program Files\dotnet\sdk\5.0.301\Extensions\Microsoft.VisualStudio.TestPlatform.Extensions.Html.TestLogger.dll
C:\Program Files\dotnet\sdk\5.0.301\Extensions\Microsoft.VisualStudio.TestPlatform.Extensions.Trx.TestLogger.dll
TpTrace Verbose: 0 : 14244, 1, 2022/08/10, 12:11:09.351, 19640913684790, vstest.console.dll, TestPluginCache.GetExtensionPaths: Added unfilterableExtensionPaths: 
TpTrace Verbose: 0 : 14244, 1, 2022/08/10, 12:11:09.351, 19640913685181, vstest.console.dll, TestPluginCache.DiscoverTestExtensions: Discovering the extensions using allExtensionPaths: C:\Program Files\dotnet\sdk\5.0.301\Extensions\Microsoft.Diagnostics.NETCore.Client.dll
C:\Program Files\dotnet\sdk\5.0.301\Extensions\Microsoft.TestPlatform.Extensions.BlameDataCollector.dll
C:\Program Files\dotnet\sdk\5.0.301\Extensions\Microsoft.TestPlatform.Extensions.EventLogCollector.dll
C:\Program Files\dotnet\sdk\5.0.301\Extensions\Microsoft.TestPlatform.TestHostRuntimeProvider.dll
C:\Program Files\dotnet\sdk\5.0.301\Extensions\Microsoft.VisualStudio.TestPlatform.Extensions.Html.TestLogger.dll
C:\Program Files\dotnet\sdk\5.0.301\Extensions\Microsoft.VisualStudio.TestPlatform.Extensions.Trx.TestLogger.dll
TpTrace Information: 0 : 14244, 1, 2022/08/10, 12:11:09.351, 19640913686094, vstest.console.dll, AssemblyResolver.AddSearchDirectories: Adding more searchDirectories C:\Program Files\dotnet\sdk\5.0.301\Extensions,C:\Program Files\dotnet\sdk\5.0.301
TpTrace Information: 0 : 14244, 1, 2022/08/10, 12:11:09.351, 19640913686520, vstest.console.dll, AssemblyResolver.AddSearchDirectories: Adding more searchDirectories C:\Program Files\dotnet\sdk\5.0.301\Extensions,C:\Program Files\dotnet\sdk\5.0.301
TpTrace Information: 0 : 14244, 1, 2022/08/10, 12:11:09.351, 19640913686734, vstest.console.dll, AssemblyResolver.AddSearchDirectories: Adding more searchDirectories C:\Program Files\dotnet\sdk\5.0.301\Extensions,C:\Program Files\dotnet\sdk\5.0.301
TpTrace Information: 0 : 14244, 1, 2022/08/10, 12:11:09.352, 19640913686919, vstest.console.dll, AssemblyResolver.AddSearchDirectories: Adding more searchDirectories C:\Program Files\dotnet\sdk\5.0.301\Extensions,C:\Program Files\dotnet\sdk\5.0.301
TpTrace Information: 0 : 14244, 1, 2022/08/10, 12:11:09.352, 19640913687086, vstest.console.dll, AssemblyResolver.AddSearchDirectories: Adding more searchDirectories C:\Program Files\dotnet\sdk\5.0.301\Extensions,C:\Program Files\dotnet\sdk\5.0.301
TpTrace Information: 0 : 14244, 1, 2022/08/10, 12:11:09.352, 19640913687265, vstest.console.dll, AssemblyResolver.AddSearchDirectories: Adding more searchDirectories C:\Program Files\dotnet\sdk\5.0.301\Extensions,C:\Program Files\dotnet\sdk\5.0.301
TpTrace Information: 0 : 14244, 1, 2022/08/10, 12:11:09.352, 19640913692296, vstest.console.dll, AssemblyResolver.OnResolve: Microsoft.Diagnostics.NETCore.Client: Resolving assembly.
TpTrace Information: 0 : 14244, 1, 2022/08/10, 12:11:09.352, 19640913693067, vstest.console.dll, AssemblyResolver.OnResolve: Microsoft.Diagnostics.NETCore.Client: Searching in: 'C:\Program Files\dotnet\sdk\5.0.301\Extensions'.
TpTrace Information: 0 : 14244, 1, 2022/08/10, 12:11:09.354, 19640913716627, vstest.console.dll, AssemblyResolver.OnResolve: Microsoft.Diagnostics.NETCore.Client: Loading assembly 'C:\Program Files\dotnet\sdk\5.0.301\Extensions\Microsoft.Diagnostics.NETCore.Client.dll'.
TpTrace Information: 0 : 14244, 1, 2022/08/10, 12:11:09.356, 19640913730083, vstest.console.dll, AssemblyResolver.OnResolve: Resolved assembly: Microsoft.Diagnostics.NETCore.Client, from path: C:\Program Files\dotnet\sdk\5.0.301\Extensions\Microsoft.Diagnostics.NETCore.Client.dll
TpTrace Information: 0 : 14244, 1, 2022/08/10, 12:11:09.359, 19640913758165, vstest.console.dll, AssemblyResolver.OnResolve: Microsoft.Bcl.AsyncInterfaces: Resolving assembly.
TpTrace Information: 0 : 14244, 1, 2022/08/10, 12:11:09.359, 19640913758779, vstest.console.dll, AssemblyResolver.OnResolve: Microsoft.Bcl.AsyncInterfaces: Searching in: 'C:\Program Files\dotnet\sdk\5.0.301\Extensions'.
TpTrace Information: 0 : 14244, 1, 2022/08/10, 12:11:09.359, 19640913759433, vstest.console.dll, AssemblyResolver.OnResolve: Microsoft.Bcl.AsyncInterfaces: Assembly path does not exist: 'C:\Program Files\dotnet\sdk\5.0.301\Extensions\Microsoft.Bcl.AsyncInterfaces.dll', returning.
TpTrace Information: 0 : 14244, 1, 2022/08/10, 12:11:09.359, 19640913759845, vstest.console.dll, AssemblyResolver.OnResolve: Microsoft.Bcl.AsyncInterfaces: Assembly path does not exist: 'C:\Program Files\dotnet\sdk\5.0.301\Extensions\Microsoft.Bcl.AsyncInterfaces.exe', returning.
TpTrace Information: 0 : 14244, 1, 2022/08/10, 12:11:09.359, 19640913760113, vstest.console.dll, AssemblyResolver.OnResolve: Microsoft.Bcl.AsyncInterfaces: Searching in: 'C:\Program Files\dotnet\sdk\5.0.301'.
TpTrace Information: 0 : 14244, 1, 2022/08/10, 12:11:09.359, 19640913760525, vstest.console.dll, AssemblyResolver.OnResolve: Microsoft.Bcl.AsyncInterfaces: Assembly path does not exist: 'C:\Program Files\dotnet\sdk\5.0.301\Microsoft.Bcl.AsyncInterfaces.dll', returning.
TpTrace Information: 0 : 14244, 1, 2022/08/10, 12:11:09.359, 19640913760919, vstest.console.dll, AssemblyResolver.OnResolve: Microsoft.Bcl.AsyncInterfaces: Assembly path does not exist: 'C:\Program Files\dotnet\sdk\5.0.301\Microsoft.Bcl.AsyncInterfaces.exe', returning.
TpTrace Information: 0 : 14244, 1, 2022/08/10, 12:11:09.359, 19640913761373, vstest.console.dll, AssemblyResolver.OnResolve: Microsoft.Bcl.AsyncInterfaces: Failed to load assembly.
TpTrace Verbose: 0 : 14244, 1, 2022/08/10, 12:11:09.359, 19640913761659, vstest.console.dll, CurrentDomainAssemblyResolve: Resolving assembly 'Microsoft.Bcl.AsyncInterfaces'.
TpTrace Information: 0 : 14244, 1, 2022/08/10, 12:11:09.359, 19640913762144, vstest.console.dll, AssemblyResolver.OnResolve: Microsoft.Bcl.AsyncInterfaces: Resolving assembly.
TpTrace Information: 0 : 14244, 1, 2022/08/10, 12:11:09.359, 19640913762372, vstest.console.dll, AssemblyResolver.OnResolve: Microsoft.Bcl.AsyncInterfaces: Resolved from cache.
TpTrace Verbose: 0 : 14244, 1, 2022/08/10, 12:11:09.359, 19640913762542, vstest.console.dll, CurrentDomainAssemblyResolve: Resolving assembly 'Microsoft.Bcl.AsyncInterfaces'.
TpTrace Verbose: 0 : 14244, 1, 2022/08/10, 12:11:09.359, 19640913762747, vstest.console.dll, CurrentDomainAssemblyResolve: Failed to resolve assembly 'Microsoft.Bcl.AsyncInterfaces'.
TpTrace Verbose: 0 : 14244, 1, 2022/08/10, 12:11:09.363, 19640913805152, vstest.console.dll, CurrentDomainAssemblyResolve: Failed to resolve assembly 'Microsoft.Bcl.AsyncInterfaces'.
TpTrace Warning: 0 : 14244, 1, 2022/08/10, 12:11:09.394, 19640914107480, vstest.console.dll, TestPluginDiscoverer: Failed to get types from assembly 'Microsoft.Diagnostics.NETCore.Client, Version=0.2.2.41902, Culture=neutral, PublicKeyToken=31bf3856ad364e35'.  Skipping test extension scan for this assembly.  Error: System.Reflection.ReflectionTypeLoadException: Unable to load one or more of the requested types.
Could not load file or assembly 'Microsoft.Bcl.AsyncInterfaces, Version=1.0.0.0, Culture=neutral, PublicKeyToken=cc7b13ffcd2ddd51'. O sistema não pode encontrar o arquivo especificado.
   at System.Reflection.RuntimeModule.GetTypes(RuntimeModule module)
   at System.Reflection.RuntimeModule.GetTypes()
   at System.Reflection.Assembly.GetTypes()
   at Microsoft.VisualStudio.TestPlatform.Common.ExtensionFramework.TestPluginDiscoverer.GetTestExtensionsFromAssembly[TPluginInfo,TExtension](Assembly assembly, Dictionary`2 pluginInfos)
System.IO.FileNotFoundException: Could not load file or assembly 'Microsoft.Bcl.AsyncInterfaces, Version=1.0.0.0, Culture=neutral, PublicKeyToken=cc7b13ffcd2ddd51'. O sistema não pode encontrar o arquivo especificado.
File name: 'Microsoft.Bcl.AsyncInterfaces, Version=1.0.0.0, Culture=neutral, PublicKeyToken=cc7b13ffcd2ddd51'
TpTrace Warning: 0 : 14244, 1, 2022/08/10, 12:11:09.394, 19640914109392, vstest.console.dll, LoaderExceptions: System.IO.FileNotFoundException: Could not load file or assembly 'Microsoft.Bcl.AsyncInterfaces, Version=1.0.0.0, Culture=neutral, PublicKeyToken=cc7b13ffcd2ddd51'. O sistema não pode encontrar o arquivo especificado.
File name: 'Microsoft.Bcl.AsyncInterfaces, Version=1.0.0.0, Culture=neutral, PublicKeyToken=cc7b13ffcd2ddd51'
TpTrace Information: 0 : 14244, 1, 2022/08/10, 12:11:09.394, 19640914110357, vstest.console.dll, AssemblyResolver.OnResolve: Microsoft.TestPlatform.Extensions.BlameDataCollector: Resolving assembly.
TpTrace Information: 0 : 14244, 1, 2022/08/10, 12:11:09.394, 19640914110618, vstest.console.dll, AssemblyResolver.OnResolve: Microsoft.TestPlatform.Extensions.BlameDataCollector: Searching in: 'C:\Program Files\dotnet\sdk\5.0.301\Extensions'.
TpTrace Information: 0 : 14244, 1, 2022/08/10, 12:11:09.396, 19640914134256, vstest.console.dll, AssemblyResolver.OnResolve: Microsoft.TestPlatform.Extensions.BlameDataCollector: Loading assembly 'C:\Program Files\dotnet\sdk\5.0.301\Extensions\Microsoft.TestPlatform.Extensions.BlameDataCollector.dll'.
TpTrace Information: 0 : 14244, 1, 2022/08/10, 12:11:09.398, 19640914154001, vstest.console.dll, AssemblyResolver.OnResolve: Resolved assembly: Microsoft.TestPlatform.Extensions.BlameDataCollector, from path: C:\Program Files\dotnet\sdk\5.0.301\Extensions\Microsoft.TestPlatform.Extensions.BlameDataCollector.dll
TpTrace Information: 0 : 14244, 1, 2022/08/10, 12:11:09.399, 19640914166891, vstest.console.dll, AssemblyResolver.OnResolve: Microsoft.TestPlatform.Extensions.EventLogCollector: Resolving assembly.
TpTrace Information: 0 : 14244, 1, 2022/08/10, 12:11:09.400, 19640914167317, vstest.console.dll, AssemblyResolver.OnResolve: Microsoft.TestPlatform.Extensions.EventLogCollector: Searching in: 'C:\Program Files\dotnet\sdk\5.0.301\Extensions'.
TpTrace Information: 0 : 14244, 1, 2022/08/10, 12:11:09.401, 19640914177746, vstest.console.dll, AssemblyResolver.OnResolve: Microsoft.TestPlatform.Extensions.EventLogCollector: Loading assembly 'C:\Program Files\dotnet\sdk\5.0.301\Extensions\Microsoft.TestPlatform.Extensions.EventLogCollector.dll'.
TpTrace Information: 0 : 14244, 1, 2022/08/10, 12:11:09.402, 19640914187193, vstest.console.dll, AssemblyResolver.OnResolve: Resolved assembly: Microsoft.TestPlatform.Extensions.EventLogCollector, from path: C:\Program Files\dotnet\sdk\5.0.301\Extensions\Microsoft.TestPlatform.Extensions.EventLogCollector.dll
TpTrace Information: 0 : 14244, 1, 2022/08/10, 12:11:09.406, 19640914232190, vstest.console.dll, AssemblyResolver.OnResolve: Microsoft.TestPlatform.TestHostRuntimeProvider: Resolving assembly.
TpTrace Information: 0 : 14244, 1, 2022/08/10, 12:11:09.406, 19640914232926, vstest.console.dll, AssemblyResolver.OnResolve: Microsoft.TestPlatform.TestHostRuntimeProvider: Searching in: 'C:\Program Files\dotnet\sdk\5.0.301\Extensions'.
TpTrace Information: 0 : 14244, 1, 2022/08/10, 12:11:09.407, 19640914241789, vstest.console.dll, AssemblyResolver.OnResolve: Microsoft.TestPlatform.TestHostRuntimeProvider: Loading assembly 'C:\Program Files\dotnet\sdk\5.0.301\Extensions\Microsoft.TestPlatform.TestHostRuntimeProvider.dll'.
TpTrace Information: 0 : 14244, 1, 2022/08/10, 12:11:09.408, 19640914251082, vstest.console.dll, AssemblyResolver.OnResolve: Resolved assembly: Microsoft.TestPlatform.TestHostRuntimeProvider, from path: C:\Program Files\dotnet\sdk\5.0.301\Extensions\Microsoft.TestPlatform.TestHostRuntimeProvider.dll
TpTrace Information: 0 : 14244, 1, 2022/08/10, 12:11:09.409, 19640914261996, vstest.console.dll, AssemblyResolver.OnResolve: Microsoft.VisualStudio.TestPlatform.Extensions.Html.TestLogger: Resolving assembly.
TpTrace Information: 0 : 14244, 1, 2022/08/10, 12:11:09.409, 19640914262646, vstest.console.dll, AssemblyResolver.OnResolve: Microsoft.VisualStudio.TestPlatform.Extensions.Html.TestLogger: Searching in: 'C:\Program Files\dotnet\sdk\5.0.301\Extensions'.
TpTrace Information: 0 : 14244, 1, 2022/08/10, 12:11:09.410, 19640914270870, vstest.console.dll, AssemblyResolver.OnResolve: Microsoft.VisualStudio.TestPlatform.Extensions.Html.TestLogger: Loading assembly 'C:\Program Files\dotnet\sdk\5.0.301\Extensions\Microsoft.VisualStudio.TestPlatform.Extensions.Html.TestLogger.dll'.
TpTrace Information: 0 : 14244, 1, 2022/08/10, 12:11:09.411, 19640914279936, vstest.console.dll, AssemblyResolver.OnResolve: Resolved assembly: Microsoft.VisualStudio.TestPlatform.Extensions.Html.TestLogger, from path: C:\Program Files\dotnet\sdk\5.0.301\Extensions\Microsoft.VisualStudio.TestPlatform.Extensions.Html.TestLogger.dll
TpTrace Information: 0 : 14244, 1, 2022/08/10, 12:11:09.411, 19640914285855, vstest.console.dll, AssemblyResolver.OnResolve: Microsoft.VisualStudio.TestPlatform.Extensions.Trx.TestLogger: Resolving assembly.
TpTrace Information: 0 : 14244, 1, 2022/08/10, 12:11:09.411, 19640914286500, vstest.console.dll, AssemblyResolver.OnResolve: Microsoft.VisualStudio.TestPlatform.Extensions.Trx.TestLogger: Searching in: 'C:\Program Files\dotnet\sdk\5.0.301\Extensions'.
TpTrace Information: 0 : 14244, 1, 2022/08/10, 12:11:09.414, 19640914314242, vstest.console.dll, AssemblyResolver.OnResolve: Microsoft.VisualStudio.TestPlatform.Extensions.Trx.TestLogger: Loading assembly 'C:\Program Files\dotnet\sdk\5.0.301\Extensions\Microsoft.VisualStudio.TestPlatform.Extensions.Trx.TestLogger.dll'.
TpTrace Information: 0 : 14244, 1, 2022/08/10, 12:11:09.417, 19640914343290, vstest.console.dll, AssemblyResolver.OnResolve: Resolved assembly: Microsoft.VisualStudio.TestPlatform.Extensions.Trx.TestLogger, from path: C:\Program Files\dotnet\sdk\5.0.301\Extensions\Microsoft.VisualStudio.TestPlatform.Extensions.Trx.TestLogger.dll
TpTrace Verbose: 0 : 14244, 1, 2022/08/10, 12:11:09.418, 19640914350836, vstest.console.dll, TestPluginCache: Discovered the extensions using extension path ''.
TpTrace Verbose: 0 : 14244, 1, 2022/08/10, 12:11:09.418, 19640914351459, vstest.console.dll, TestPluginCache: Discoverers are ''.
TpTrace Verbose: 0 : 14244, 1, 2022/08/10, 12:11:09.418, 19640914351777, vstest.console.dll, TestPluginCache: Executors are ''.
TpTrace Verbose: 0 : 14244, 1, 2022/08/10, 12:11:09.418, 19640914352011, vstest.console.dll, TestPluginCache: Executors2 are ''.
TpTrace Verbose: 0 : 14244, 1, 2022/08/10, 12:11:09.418, 19640914352240, vstest.console.dll, TestPluginCache: Setting providers are ''.
TpTrace Verbose: 0 : 14244, 1, 2022/08/10, 12:11:09.418, 19640914352470, vstest.console.dll, TestPluginCache: Loggers are ''.
TpTrace Information: 0 : 14244, 1, 2022/08/10, 12:11:09.425, 19640914419741, vstest.console.dll, RunTestsArgumentProcessor:Execute: Test run is starting.
TpTrace Verbose: 0 : 14244, 1, 2022/08/10, 12:11:09.425, 19640914420637, vstest.console.dll, RunTestsArgumentProcessor:Execute: Queuing Test run.
TpTrace Information: 0 : 14244, 1, 2022/08/10, 12:11:09.425, 19640914421899, vstest.console.dll, TestRequestManager.RunTests: run tests started.
TpTrace Information: 0 : 14244, 1, 2022/08/10, 12:11:09.429, 19640914462025, vstest.console.dll, AssemblyMetadataProvider.GetFrameWork: Determined framework:'.NETCoreApp,Version=v3.1' for source: 'C:\git\SysManager\SysManager.Tests\bin\Debug\netcoreapp3.1\fine-code-coverage\build-output\SysManager.Tests.dll'
TpTrace Information: 0 : 14244, 1, 2022/08/10, 12:11:09.429, 19640914463569, vstest.console.dll, Determined framework for all sources: .NETCoreApp,Version=v3.1
TpTrace Information: 0 : 14244, 1, 2022/08/10, 12:11:09.429, 19640914466490, vstest.console.dll, AssemblyMetadataProvider.GetArchitecture: Determined architecture:AnyCPU info for assembly: C:\git\SysManager\SysManager.Tests\bin\Debug\netcoreapp3.1\fine-code-coverage\build-output\SysManager.Tests.dll
TpTrace Information: 0 : 14244, 1, 2022/08/10, 12:11:09.431, 19640914481519, vstest.console.dll, Determined platform for all sources: X64
TpTrace Information: 0 : 14244, 1, 2022/08/10, 12:11:09.433, 19640914500255, vstest.console.dll, Compatible sources list : 
TpTrace Information: 0 : 14244, 1, 2022/08/10, 12:11:09.433, 19640914500797, vstest.console.dll, C:\git\SysManager\SysManager.Tests\bin\Debug\netcoreapp3.1\fine-code-coverage\build-output\SysManager.Tests.dll
TpTrace Information: 0 : 14244, 1, 2022/08/10, 12:11:09.437, 19640914541362, vstest.console.dll, InferRunSettingsHelper.IsTestSettingsEnabled: Unable to navigate to RunSettings/MSTest. Current node: RunSettings
TpTrace Information: 0 : 14244, 1, 2022/08/10, 12:11:09.438, 19640914550211, vstest.console.dll, AssemblyResolver.OnResolve: Microsoft.VisualStudio.TestPlatform.Fakes: Resolving assembly.
TpTrace Information: 0 : 14244, 1, 2022/08/10, 12:11:09.438, 19640914550840, vstest.console.dll, AssemblyResolver.OnResolve: Microsoft.VisualStudio.TestPlatform.Fakes: Searching in: 'C:\Program Files\dotnet\sdk\5.0.301\Extensions'.
TpTrace Information: 0 : 14244, 1, 2022/08/10, 12:11:09.438, 19640914552030, vstest.console.dll, AssemblyResolver.OnResolve: Microsoft.VisualStudio.TestPlatform.Fakes: Assembly path does not exist: 'C:\Program Files\dotnet\sdk\5.0.301\Extensions\Microsoft.VisualStudio.TestPlatform.Fakes.dll', returning.
TpTrace Information: 0 : 14244, 1, 2022/08/10, 12:11:09.438, 19640914552510, vstest.console.dll, AssemblyResolver.OnResolve: Microsoft.VisualStudio.TestPlatform.Fakes: Assembly path does not exist: 'C:\Program Files\dotnet\sdk\5.0.301\Extensions\Microsoft.VisualStudio.TestPlatform.Fakes.exe', returning.
TpTrace Information: 0 : 14244, 1, 2022/08/10, 12:11:09.438, 19640914553204, vstest.console.dll, AssemblyResolver.OnResolve: Microsoft.VisualStudio.TestPlatform.Fakes: Searching in: 'C:\Program Files\dotnet\sdk\5.0.301'.
TpTrace Information: 0 : 14244, 1, 2022/08/10, 12:11:09.438, 19640914553774, vstest.console.dll, AssemblyResolver.OnResolve: Microsoft.VisualStudio.TestPlatform.Fakes: Assembly path does not exist: 'C:\Program Files\dotnet\sdk\5.0.301\Microsoft.VisualStudio.TestPlatform.Fakes.dll', returning.
TpTrace Information: 0 : 14244, 1, 2022/08/10, 12:11:09.438, 19640914554279, vstest.console.dll, AssemblyResolver.OnResolve: Microsoft.VisualStudio.TestPlatform.Fakes: Assembly path does not exist: 'C:\Program Files\dotnet\sdk\5.0.301\Microsoft.VisualStudio.TestPlatform.Fakes.exe', returning.
TpTrace Information: 0 : 14244, 1, 2022/08/10, 12:11:09.438, 19640914554490, vstest.console.dll, AssemblyResolver.OnResolve: Microsoft.VisualStudio.TestPlatform.Fakes: Failed to load assembly.
TpTrace Information: 0 : 14244, 1, 2022/08/10, 12:11:09.439, 19640914563609, vstest.console.dll, Failed to create newly implemented Fakes Configurator. Reason:System.IO.FileNotFoundException: Could not load file or assembly 'Microsoft.VisualStudio.TestPlatform.Fakes, Version=16.0.0.0, Culture=neutral, PublicKeyToken=null'. O sistema não pode encontrar o arquivo especificado.
File name: 'Microsoft.VisualStudio.TestPlatform.Fakes, Version=16.0.0.0, Culture=neutral, PublicKeyToken=null'
   at System.Reflection.RuntimeAssembly.InternalLoad(ObjectHandleOnStack assemblyName, ObjectHandleOnStack requestingAssembly, StackCrawlMarkHandle stackMark, Boolean throwOnFileNotFound, ObjectHandleOnStack assemblyLoadContext, ObjectHandleOnStack retAssembly)
   at System.Reflection.RuntimeAssembly.InternalLoad(AssemblyName assemblyName, RuntimeAssembly requestingAssembly, StackCrawlMark& stackMark, Boolean throwOnFileNotFound, AssemblyLoadContext assemblyLoadContext)
   at System.Reflection.Assembly.Load(AssemblyName assemblyRef)
   at Microsoft.VisualStudio.TestPlatform.Common.Utilities.FakesUtilities.TryGetFakesCrossPlatformDataCollectorConfigurator() 
TpTrace Verbose: 0 : 14244, 1, 2022/08/10, 12:11:09.444, 19640914608834, vstest.console.dll, TestPluginCache.DiscoverTestExtensions: finding test extensions in assemblies ends with: TestLogger.dll TPluginInfo: Microsoft.VisualStudio.TestPlatform.Common.ExtensionFramework.Utilities.TestLoggerPluginInformation TExtension: Microsoft.VisualStudio.TestPlatform.ObjectModel.Client.ITestLogger
TpTrace Verbose: 0 : 14244, 1, 2022/08/10, 12:11:09.444, 19640914609689, vstest.console.dll, TestPluginCache.GetExtensionPaths: Filtered extension paths: 
TpTrace Verbose: 0 : 14244, 1, 2022/08/10, 12:11:09.444, 19640914609903, vstest.console.dll, TestPluginCache.GetExtensionPaths: Added default extension paths: C:\Program Files\dotnet\sdk\5.0.301\Extensions\Microsoft.Diagnostics.NETCore.Client.dll
C:\Program Files\dotnet\sdk\5.0.301\Extensions\Microsoft.TestPlatform.Extensions.BlameDataCollector.dll
C:\Program Files\dotnet\sdk\5.0.301\Extensions\Microsoft.TestPlatform.Extensions.EventLogCollector.dll
C:\Program Files\dotnet\sdk\5.0.301\Extensions\Microsoft.TestPlatform.TestHostRuntimeProvider.dll
C:\Program Files\dotnet\sdk\5.0.301\Extensions\Microsoft.VisualStudio.TestPlatform.Extensions.Html.TestLogger.dll
C:\Program Files\dotnet\sdk\5.0.301\Extensions\Microsoft.VisualStudio.TestPlatform.Extensions.Trx.TestLogger.dll
TpTrace Verbose: 0 : 14244, 1, 2022/08/10, 12:11:09.444, 19640914610115, vstest.console.dll, TestPluginCache.GetExtensionPaths: Added unfilterableExtensionPaths: 
TpTrace Information: 0 : 14244, 1, 2022/08/10, 12:11:09.444, 19640914611510, vstest.console.dll, AssemblyResolver.AddSearchDirectories: Adding more searchDirectories C:\Program Files\dotnet\sdk\5.0.301\Extensions,C:\Program Files\dotnet\sdk\5.0.301
TpTrace Verbose: 0 : 14244, 1, 2022/08/10, 12:11:09.444, 19640914611866, vstest.console.dll, TestPluginCache.DiscoverTestExtensions: Discovering the extensions using extension path.
TpTrace Verbose: 0 : 14244, 1, 2022/08/10, 12:11:09.444, 19640914612072, vstest.console.dll, TestPluginCache.GetExtensionPaths: Filtered extension paths: 
TpTrace Verbose: 0 : 14244, 1, 2022/08/10, 12:11:09.444, 19640914612255, vstest.console.dll, TestPluginCache.GetExtensionPaths: Added default extension paths: C:\Program Files\dotnet\sdk\5.0.301\Extensions\Microsoft.Diagnostics.NETCore.Client.dll
C:\Program Files\dotnet\sdk\5.0.301\Extensions\Microsoft.TestPlatform.Extensions.BlameDataCollector.dll
C:\Program Files\dotnet\sdk\5.0.301\Extensions\Microsoft.TestPlatform.Extensions.EventLogCollector.dll
C:\Program Files\dotnet\sdk\5.0.301\Extensions\Microsoft.TestPlatform.TestHostRuntimeProvider.dll
C:\Program Files\dotnet\sdk\5.0.301\Extensions\Microsoft.VisualStudio.TestPlatform.Extensions.Html.TestLogger.dll
C:\Program Files\dotnet\sdk\5.0.301\Extensions\Microsoft.VisualStudio.TestPlatform.Extensions.Trx.TestLogger.dll
TpTrace Verbose: 0 : 14244, 1, 2022/08/10, 12:11:09.444, 19640914612457, vstest.console.dll, TestPluginCache.GetExtensionPaths: Added unfilterableExtensionPaths: 
TpTrace Verbose: 0 : 14244, 1, 2022/08/10, 12:11:09.444, 19640914612628, vstest.console.dll, TestPluginCache.DiscoverTestExtensions: Discovering the extensions using allExtensionPaths: C:\Program Files\dotnet\sdk\5.0.301\Extensions\Microsoft.Diagnostics.NETCore.Client.dll
C:\Program Files\dotnet\sdk\5.0.301\Extensions\Microsoft.TestPlatform.Extensions.BlameDataCollector.dll
C:\Program Files\dotnet\sdk\5.0.301\Extensions\Microsoft.TestPlatform.Extensions.EventLogCollector.dll
C:\Program Files\dotnet\sdk\5.0.301\Extensions\Microsoft.TestPlatform.TestHostRuntimeProvider.dll
C:\Program Files\dotnet\sdk\5.0.301\Extensions\Microsoft.VisualStudio.TestPlatform.Extensions.Html.TestLogger.dll
C:\Program Files\dotnet\sdk\5.0.301\Extensions\Microsoft.VisualStudio.TestPlatform.Extensions.Trx.TestLogger.dll
TpTrace Information: 0 : 14244, 1, 2022/08/10, 12:11:09.444, 19640914612995, vstest.console.dll, AssemblyResolver.AddSearchDirectories: Adding more searchDirectories C:\Program Files\dotnet\sdk\5.0.301\Extensions,C:\Program Files\dotnet\sdk\5.0.301
TpTrace Information: 0 : 14244, 1, 2022/08/10, 12:11:09.444, 19640914613172, vstest.console.dll, AssemblyResolver.AddSearchDirectories: Adding more searchDirectories C:\Program Files\dotnet\sdk\5.0.301\Extensions,C:\Program Files\dotnet\sdk\5.0.301
TpTrace Information: 0 : 14244, 1, 2022/08/10, 12:11:09.444, 19640914613332, vstest.console.dll, AssemblyResolver.AddSearchDirectories: Adding more searchDirectories C:\Program Files\dotnet\sdk\5.0.301\Extensions,C:\Program Files\dotnet\sdk\5.0.301
TpTrace Information: 0 : 14244, 1, 2022/08/10, 12:11:09.444, 19640914613546, vstest.console.dll, AssemblyResolver.AddSearchDirectories: Adding more searchDirectories C:\Program Files\dotnet\sdk\5.0.301\Extensions,C:\Program Files\dotnet\sdk\5.0.301
TpTrace Information: 0 : 14244, 1, 2022/08/10, 12:11:09.444, 19640914613754, vstest.console.dll, AssemblyResolver.AddSearchDirectories: Adding more searchDirectories C:\Program Files\dotnet\sdk\5.0.301\Extensions,C:\Program Files\dotnet\sdk\5.0.301
TpTrace Information: 0 : 14244, 1, 2022/08/10, 12:11:09.444, 19640914613949, vstest.console.dll, AssemblyResolver.AddSearchDirectories: Adding more searchDirectories C:\Program Files\dotnet\sdk\5.0.301\Extensions,C:\Program Files\dotnet\sdk\5.0.301
TpTrace Information: 0 : 14244, 1, 2022/08/10, 12:11:09.444, 19640914615772, vstest.console.dll, AssemblyResolver.OnResolve: Microsoft.Bcl.AsyncInterfaces: Resolving assembly.
TpTrace Information: 0 : 14244, 1, 2022/08/10, 12:11:09.444, 19640914616098, vstest.console.dll, AssemblyResolver.OnResolve: Microsoft.Bcl.AsyncInterfaces: Resolved from cache.
TpTrace Verbose: 0 : 14244, 1, 2022/08/10, 12:11:09.444, 19640914616287, vstest.console.dll, CurrentDomainAssemblyResolve: Resolving assembly 'Microsoft.Bcl.AsyncInterfaces'.
TpTrace Information: 0 : 14244, 1, 2022/08/10, 12:11:09.444, 19640914616663, vstest.console.dll, AssemblyResolver.OnResolve: Microsoft.Bcl.AsyncInterfaces: Resolving assembly.
TpTrace Information: 0 : 14244, 1, 2022/08/10, 12:11:09.444, 19640914616846, vstest.console.dll, AssemblyResolver.OnResolve: Microsoft.Bcl.AsyncInterfaces: Resolved from cache.
TpTrace Verbose: 0 : 14244, 1, 2022/08/10, 12:11:09.445, 19640914617027, vstest.console.dll, CurrentDomainAssemblyResolve: Resolving assembly 'Microsoft.Bcl.AsyncInterfaces'.
TpTrace Verbose: 0 : 14244, 1, 2022/08/10, 12:11:09.445, 19640914617212, vstest.console.dll, CurrentDomainAssemblyResolve: Failed to resolve assembly 'Microsoft.Bcl.AsyncInterfaces'.
TpTrace Verbose: 0 : 14244, 1, 2022/08/10, 12:11:09.445, 19640914618282, vstest.console.dll, CurrentDomainAssemblyResolve: Failed to resolve assembly 'Microsoft.Bcl.AsyncInterfaces'.
TpTrace Warning: 0 : 14244, 1, 2022/08/10, 12:11:09.445, 19640914620426, vstest.console.dll, TestPluginDiscoverer: Failed to get types from assembly 'Microsoft.Diagnostics.NETCore.Client, Version=0.2.2.41902, Culture=neutral, PublicKeyToken=31bf3856ad364e35'.  Skipping test extension scan for this assembly.  Error: System.Reflection.ReflectionTypeLoadException: Unable to load one or more of the requested types.
Could not load file or assembly 'Microsoft.Bcl.AsyncInterfaces, Version=1.0.0.0, Culture=neutral, PublicKeyToken=cc7b13ffcd2ddd51'. O sistema não pode encontrar o arquivo especificado.
   at System.Reflection.RuntimeModule.GetTypes(RuntimeModule module)
   at System.Reflection.RuntimeModule.GetTypes()
   at System.Reflection.Assembly.GetTypes()
   at Microsoft.VisualStudio.TestPlatform.Common.ExtensionFramework.TestPluginDiscoverer.GetTestExtensionsFromAssembly[TPluginInfo,TExtension](Assembly assembly, Dictionary`2 pluginInfos)
System.IO.FileNotFoundException: Could not load file or assembly 'Microsoft.Bcl.AsyncInterfaces, Version=1.0.0.0, Culture=neutral, PublicKeyToken=cc7b13ffcd2ddd51'. O sistema não pode encontrar o arquivo especificado.
File name: 'Microsoft.Bcl.AsyncInterfaces, Version=1.0.0.0, Culture=neutral, PublicKeyToken=cc7b13ffcd2ddd51'
TpTrace Warning: 0 : 14244, 1, 2022/08/10, 12:11:09.445, 19640914620747, vstest.console.dll, LoaderExceptions: System.IO.FileNotFoundException: Could not load file or assembly 'Microsoft.Bcl.AsyncInterfaces, Version=1.0.0.0, Culture=neutral, PublicKeyToken=cc7b13ffcd2ddd51'. O sistema não pode encontrar o arquivo especificado.
File name: 'Microsoft.Bcl.AsyncInterfaces, Version=1.0.0.0, Culture=neutral, PublicKeyToken=cc7b13ffcd2ddd51'
TpTrace Verbose: 0 : 14244, 1, 2022/08/10, 12:11:09.445, 19640914623626, vstest.console.dll, TestPluginCache: Discovered the extensions using extension path ''.
TpTrace Verbose: 0 : 14244, 1, 2022/08/10, 12:11:09.445, 19640914624208, vstest.console.dll, TestPluginCache: Discoverers are ''.
TpTrace Verbose: 0 : 14244, 1, 2022/08/10, 12:11:09.445, 19640914624347, vstest.console.dll, TestPluginCache: Executors are ''.
TpTrace Verbose: 0 : 14244, 1, 2022/08/10, 12:11:09.445, 19640914624480, vstest.console.dll, TestPluginCache: Executors2 are ''.
TpTrace Verbose: 0 : 14244, 1, 2022/08/10, 12:11:09.445, 19640914624612, vstest.console.dll, TestPluginCache: Setting providers are ''.
TpTrace Verbose: 0 : 14244, 1, 2022/08/10, 12:11:09.445, 19640914624987, vstest.console.dll, TestPluginCache: Loggers are 'logger://Microsoft/TestPlatform/Extensions/Blame/v1,logger://Microsoft/TestPlatform/HtmlLogger/v1,logger://Microsoft/TestPlatform/TrxLogger/v1'.
TpTrace Information: 0 : 14244, 1, 2022/08/10, 12:11:09.446, 19640914629309, vstest.console.dll, TestPluginManager.CreateTestExtension: Attempting to load test extension: Microsoft.TestPlatform.Extensions.BlameDataCollector.BlameLogger
TpTrace Information: 0 : 14244, 1, 2022/08/10, 12:11:09.453, 19640914698947, vstest.console.dll, TestPluginManager.CreateTestExtension: Attempting to load test extension: Microsoft.VisualStudio.TestPlatform.CrossPlatEngine.Hosting.DefaultTestHostManager
TpTrace Information: 0 : 14244, 1, 2022/08/10, 12:11:09.453, 19640914701101, vstest.console.dll, TestPluginManager.CreateTestExtension: Attempting to load test extension: Microsoft.VisualStudio.TestPlatform.CrossPlatEngine.Hosting.DotnetTestHostManager
TpTrace Verbose: 0 : 14244, 1, 2022/08/10, 12:11:09.453, 19640914704821, vstest.console.dll, TestEngine: Initializing Parallel Execution as MaxCpuCount is set to: 1
TpTrace Information: 0 : 14244, 1, 2022/08/10, 12:11:09.454, 19640914708121, vstest.console.dll, InferRunSettingsHelper.IsTestSettingsEnabled: Unable to navigate to RunSettings/MSTest. Current node: RunSettings
TpTrace Verbose: 0 : 14244, 1, 2022/08/10, 12:11:09.506, 19640915232237, vstest.console.dll, TestRequestSender is acting as server
TpTrace Verbose: 0 : 14244, 4, 2022/08/10, 12:11:09.512, 19640915292779, vstest.console.dll, DataCollectionRequestSender.InitializeCommunication : Initialize communication. 
TpTrace Information: 0 : 14244, 4, 2022/08/10, 12:11:09.526, 19640915431285, vstest.console.dll, Listening on Endpoint : 127.0.0.1:64831
TpTrace Verbose: 0 : 14244, 4, 2022/08/10, 12:11:09.536, 19640915536661, vstest.console.dll, DotnetDataCollectionLauncher: Full path of dotnet.exe is C:\Program Files\dotnet\dotnet.exe
TpTrace Verbose: 0 : 14244, 4, 2022/08/10, 12:11:09.537, 19640915538821, vstest.console.dll, DotnetDataCollectionLauncher: Adding  --runtimeconfig "C:\Program Files\dotnet\sdk\5.0.301\datacollector.runtimeconfig.json" in args
TpTrace Verbose: 0 : 14244, 4, 2022/08/10, 12:11:09.537, 19640915539873, vstest.console.dll, DotnetDataCollectionLauncher: Adding  --depsfile "C:\Program Files\dotnet\sdk\5.0.301\datacollector.deps.json" in args
TpTrace Information: 0 : 14244, 4, 2022/08/10, 12:11:09.561, 19640915778613, vstest.console.dll, ProxyDataCollectionManager.Initialize: Launched datacollector processId: 1448 port: 64831
TpTrace Information: 0 : 14244, 4, 2022/08/10, 12:11:09.561, 19640915780928, vstest.console.dll, ProxyDataCollectionManager.Initialize: waiting for connection with timeout: 90 seconds
TpTrace Verbose: 0 : 14244, 4, 2022/08/10, 12:11:09.561, 19640915781497, vstest.console.dll, DataCollectionRequestSender.WaitForRequestHandlerConnection : Waiting for connection with timeout: 90000
TpTrace Information: 0 : 14244, 7, 2022/08/10, 12:11:09.739, 19640917560642, vstest.console.dll, Using the buffer size of 16384 bytes
TpTrace Verbose: 0 : 14244, 4, 2022/08/10, 12:11:09.739, 19640917561875, vstest.console.dll, ProxyDataCollectionManager.InvokeDataCollectionServiceAction: Starting.
TpTrace Information: 0 : 14244, 7, 2022/08/10, 12:11:09.739, 19640917562295, vstest.console.dll, Accepted Client request and set the flag
TpTrace Information: 0 : 14244, 4, 2022/08/10, 12:11:09.739, 19640917564126, vstest.console.dll, ProxyDataCollectionManager.BeforeTestRunStart: Get environment variable and port for datacollector processId: 1448 port: 64831
TpTrace Verbose: 0 : 14244, 4, 2022/08/10, 12:11:09.739, 19640917566218, vstest.console.dll, DataCollectionRequestSender.SendBeforeTestRunStartAndGetResult : Send BeforeTestRunStart message with settingsXml <RunSettings><RunConfiguration><ResultsDirectory>C:\git\SysManager\SysManager.Tests\bin\Debug\netcoreapp3.1\fine-code-coverage\coverage-tool-output</ResultsDirectory><TargetPlatform>X64</TargetPlatform><TargetFrameworkVersion>.NETCoreApp,Version=v3.1</TargetFrameworkVersion><DesignMode>False</DesignMode><CollectSourceInformation>False</CollectSourceInformation><TestAdaptersPaths>C:\Program Files\dotnet\sdk\5.0.301\Extensions</TestAdaptersPaths></RunConfiguration><LoggerRunSettings><Loggers><Logger friendlyName="blame" enabled="True" /><Logger friendlyName="Console" uri="logger://microsoft/TestPlatform/ConsoleLogger/v1" assemblyQualifiedName="Microsoft.VisualStudio.TestPlatform.CommandLine.Internal.ConsoleLogger, vstest.console, Version=15.0.0.0, Culture=neutral, PublicKeyToken=b03f5f7f11d50a3a" codeBase="C:\Program Files\dotnet\sdk\5.0.301\vstest.console.dll" enabled="True" /></Loggers></LoggerRunSettings><DataCollectionRunSettings><DataCollectors><DataCollector friendlyName="blame" enabled="True"><Configuration><ResultsDirectory>C:\git\SysManager\SysManager.Tests\bin\Debug\netcoreapp3.1\fine-code-coverage\coverage-tool-output</ResultsDirectory></Configuration></DataCollector></DataCollectors></DataCollectionRunSettings></RunSettings> and sources System.Linq.Enumerable+Concat2Iterator`1[System.String]: 
TpTrace Verbose: 0 : 14244, 4, 2022/08/10, 12:11:09.853, 19640918704782, vstest.console.dll, DataCollectionRequestSender.SendBeforeTestRunStartAndGetResult : Received message: (DataCollection.SendMessage) -> {
  "FriendlyName": null,
  "Uri": null,
  "TestCaseId": "00000000-0000-0000-0000-000000000000",
  "Message": "Logging DataCollector Diagnostics in file: C:\\git\\SysManager\\SysManager.Tests\\bin\\Debug\\netcoreapp3.1\\fine-code-coverage\\coverage-tool-output\\diagnostics.datacollector.22-08-10_12-11-09_53277_4.log",
  "Level": 0
}
TpTrace Verbose: 0 : 14244, 4, 2022/08/10, 12:11:09.927, 19640919445837, vstest.console.dll, DataCollectionRequestSender.SendBeforeTestRunStartAndGetResult : Received message: (DataCollection.BeforeTestRunStartResult) -> {
  "EnvironmentVariables": {},
  "DataCollectionEventsPort": 64836
}
TpTrace Information: 0 : 14244, 4, 2022/08/10, 12:11:09.933, 19640919503492, vstest.console.dll, ProxyDataCollectionManager.BeforeTestRunStart: SendBeforeTestRunStartAndGetResult successful, env variable from datacollector:   and testhost port: 64836
TpTrace Information: 0 : 14244, 4, 2022/08/10, 12:11:09.933, 19640919505405, vstest.console.dll, ProxyDataCollectionManager.InvokeDataCollectionServiceAction: Completed.
TpTrace Verbose: 0 : 14244, 1, 2022/08/10, 12:11:09.934, 19640919508380, vstest.console.dll, TestRunRequest.ExecuteAsync: Creating test run request.
TpTrace Verbose: 0 : 14244, 1, 2022/08/10, 12:11:09.934, 19640919512925, vstest.console.dll, TestRunRequest.ExecuteAsync: Starting.
TpTrace Information: 0 : 14244, 1, 2022/08/10, 12:11:09.935, 19640919518470, vstest.console.dll, TestRunRequest.ExecuteAsync: Starting run with settings:TestRunCriteria:
   KeepAlive=False,FrequencyOfRunStatsChangeEvent=10,RunStatsChangeEventTimeout=00:00:01.5000000,TestCaseFilter=,TestExecutorLauncher=
   Settingsxml=<RunSettings>
  <RunConfiguration>
    <ResultsDirectory>C:\git\SysManager\SysManager.Tests\bin\Debug\netcoreapp3.1\fine-code-coverage\coverage-tool-output</ResultsDirectory>
    <TargetPlatform>X64</TargetPlatform>
    <TargetFrameworkVersion>.NETCoreApp,Version=v3.1</TargetFrameworkVersion>
    <DesignMode>False</DesignMode>
    <CollectSourceInformation>False</CollectSourceInformation>
  </RunConfiguration>
  <LoggerRunSettings>
    <Loggers>
      <Logger friendlyName="blame" enabled="True" />
      <Logger friendlyName="Console" uri="logger://microsoft/TestPlatform/ConsoleLogger/v1" assemblyQualifiedName="Microsoft.VisualStudio.TestPlatform.CommandLine.Internal.ConsoleLogger, vstest.console, Version=15.0.0.0, Culture=neutral, PublicKeyToken=b03f5f7f11d50a3a" codeBase="C:\Program Files\dotnet\sdk\5.0.301\vstest.console.dll" enabled="True" />
    </Loggers>
  </LoggerRunSettings>
  <DataCollectionRunSettings>
    <DataCollectors>
      <DataCollector friendlyName="blame" enabled="True">
        <Configuration>
          <ResultsDirectory>C:\git\SysManager\SysManager.Tests\bin\Debug\netcoreapp3.1\fine-code-coverage\coverage-tool-output</ResultsDirectory>
        </Configuration>
      </DataCollector>
    </DataCollectors>
  </DataCollectionRunSettings>
</RunSettings>

TpTrace Verbose: 0 : 14244, 1, 2022/08/10, 12:11:09.935, 19640919519274, vstest.console.dll, TestRunRequest.ExecuteAsync: Wait for the first run request is over.
TpTrace Verbose: 0 : 14244, 1, 2022/08/10, 12:11:09.935, 19640919522788, vstest.console.dll, ParallelProxyExecutionManager: Start execution. Total sources: 1
TpTrace Information: 0 : 14244, 1, 2022/08/10, 12:11:09.936, 19640919526982, vstest.console.dll, ProxyParallelExecutionManager: Triggering test run for next source: C:\git\SysManager\SysManager.Tests\bin\Debug\netcoreapp3.1\fine-code-coverage\build-output\SysManager.Tests.dll
TpTrace Verbose: 0 : 14244, 1, 2022/08/10, 12:11:09.936, 19640919528661, vstest.console.dll, ProxyParallelExecutionManager: No sources available for execution.
TpTrace Verbose: 0 : 14244, 6, 2022/08/10, 12:11:09.936, 19640919528828, vstest.console.dll, ParallelProxyExecutionManager: Execution started. Started clients: 1
TpTrace Information: 0 : 14244, 1, 2022/08/10, 12:11:09.936, 19640919529033, vstest.console.dll, TestRunRequest.ExecuteAsync: Started.
TpTrace Verbose: 0 : 14244, 1, 2022/08/10, 12:11:09.936, 19640919530344, vstest.console.dll, TestRunRequest.WaitForCompletion: Waiting with timeout -1.
TpTrace Verbose: 0 : 14244, 6, 2022/08/10, 12:11:09.936, 19640919532459, vstest.console.dll, TestRunRequest:SendTestRunMessage: Starting.
TpTrace Information: 0 : 14244, 6, 2022/08/10, 12:11:09.936, 19640919533884, vstest.console.dll, TestRunRequest:SendTestRunMessage: Completed.
TpTrace Verbose: 0 : 14244, 6, 2022/08/10, 12:11:09.936, 19640919535990, vstest.console.dll, ProxyExecutionManager: Test host is always Lazy initialize.
TpTrace Verbose: 0 : 14244, 6, 2022/08/10, 12:11:09.937, 19640919538727, vstest.console.dll, TestRequestSender.InitializeCommunication: initialize communication. 
TpTrace Information: 0 : 14244, 6, 2022/08/10, 12:11:09.937, 19640919543252, vstest.console.dll, SocketServer.Start: Listening on endpoint : 127.0.0.1:64837
TpTrace Verbose: 0 : 14244, 6, 2022/08/10, 12:11:09.938, 19640919552843, vstest.console.dll, DotnetTestHostmanager: Adding  --runtimeconfig "C:\git\SysManager\SysManager.Tests\bin\Debug\netcoreapp3.1\fine-code-coverage\build-output\SysManager.Tests.runtimeconfig.json" in args
TpTrace Verbose: 0 : 14244, 6, 2022/08/10, 12:11:09.938, 19640919555305, vstest.console.dll, DotnetTestHostmanager: Adding  --depsfile "C:\git\SysManager\SysManager.Tests\bin\Debug\netcoreapp3.1\fine-code-coverage\build-output\SysManager.Tests.deps.json" in args
TpTrace Verbose: 0 : 14244, 6, 2022/08/10, 12:11:09.938, 19640919556855, vstest.console.dll, DotnetTestHostManager: Testhost.exe/testhost.x86.exe found at path: C:\git\SysManager\SysManager.Tests\bin\Debug\netcoreapp3.1\fine-code-coverage\build-output\testhost.exe
TpTrace Verbose: 0 : 14244, 6, 2022/08/10, 12:11:09.939, 19640919557217, vstest.console.dll, DotnetTestHostmanager: Full path of host exe is C:\git\SysManager\SysManager.Tests\bin\Debug\netcoreapp3.1\fine-code-coverage\build-output\testhost.exe
TpTrace Verbose: 0 : 14244, 4, 2022/08/10, 12:11:09.940, 19640919567641, vstest.console.dll, DotnetTestHostManager: Starting process 'C:\git\SysManager\SysManager.Tests\bin\Debug\netcoreapp3.1\fine-code-coverage\build-output\testhost.exe' with command line ' --runtimeconfig "C:\git\SysManager\SysManager.Tests\bin\Debug\netcoreapp3.1\fine-code-coverage\build-output\SysManager.Tests.runtimeconfig.json" --depsfile "C:\git\SysManager\SysManager.Tests\bin\Debug\netcoreapp3.1\fine-code-coverage\build-output\SysManager.Tests.deps.json" --port 64837 --endpoint 127.0.0.1:064837 --role client --parentprocessid 14244 --diag "C:\git\SysManager\SysManager.Tests\bin\Debug\netcoreapp3.1\fine-code-coverage\coverage-tool-output\diagnostics.host.22-08-10_12-11-09_93791_6.log" --tracelevel 4 --datacollectionport 64836 --telemetryoptedin false'
TpTrace Verbose: 0 : 14244, 4, 2022/08/10, 12:11:09.960, 19640919767324, vstest.console.dll, Test Runtime launched
TpTrace Verbose: 0 : 14244, 6, 2022/08/10, 12:11:09.961, 19640919778785, vstest.console.dll, TestRequestSender.WaitForRequestHandlerConnection: waiting for connection with timeout: 90000
TpTrace Verbose: 0 : 14244, 14, 2022/08/10, 12:11:10.194, 19640922114447, vstest.console.dll, SocketServer.OnClientConnected: Client connected for endPoint: 127.0.0.1:64837, starting MessageLoopAsync:
TpTrace Verbose: 0 : 14244, 13, 2022/08/10, 12:11:10.195, 19640922117778, vstest.console.dll, TcpClientExtensions.MessageLoopAsync: Polling on remoteEndPoint: 127.0.0.1:64838 localEndPoint: 127.0.0.1:64837
TpTrace Verbose: 0 : 14244, 13, 2022/08/10, 12:11:10.312, 19640923295505, vstest.console.dll, TcpClientExtensions.MessageLoopAsync: NotifyDataAvailable remoteEndPoint: 127.0.0.1:64838 localEndPoint: 127.0.0.1:64837
TpTrace Verbose: 0 : 14244, 13, 2022/08/10, 12:11:10.313, 19640923300643, vstest.console.dll, TestRequestSender.CheckVersionWithTestHost: onMessageReceived received message: (ProtocolVersion) -> 5
TpTrace Verbose: 0 : 14244, 13, 2022/08/10, 12:11:10.313, 19640923305321, vstest.console.dll, TcpClientExtensions.MessageLoopAsync: Polling on remoteEndPoint: 127.0.0.1:64838 localEndPoint: 127.0.0.1:64837
TpTrace Verbose: 0 : 14244, 6, 2022/08/10, 12:11:10.314, 19640923308024, vstest.console.dll, TestPluginCache.GetExtensionPaths: Filtered extension paths: 
TpTrace Verbose: 0 : 14244, 6, 2022/08/10, 12:11:10.314, 19640923309452, vstest.console.dll, TestPluginCache.GetExtensionPaths: Added default extension paths: C:\Program Files\dotnet\sdk\5.0.301\Extensions\Microsoft.Diagnostics.NETCore.Client.dll
C:\Program Files\dotnet\sdk\5.0.301\Extensions\Microsoft.TestPlatform.Extensions.BlameDataCollector.dll
C:\Program Files\dotnet\sdk\5.0.301\Extensions\Microsoft.TestPlatform.Extensions.EventLogCollector.dll
C:\Program Files\dotnet\sdk\5.0.301\Extensions\Microsoft.TestPlatform.TestHostRuntimeProvider.dll
C:\Program Files\dotnet\sdk\5.0.301\Extensions\Microsoft.VisualStudio.TestPlatform.Extensions.Html.TestLogger.dll
C:\Program Files\dotnet\sdk\5.0.301\Extensions\Microsoft.VisualStudio.TestPlatform.Extensions.Trx.TestLogger.dll
TpTrace Verbose: 0 : 14244, 6, 2022/08/10, 12:11:10.314, 19640923309943, vstest.console.dll, TestPluginCache.GetExtensionPaths: Added unfilterableExtensionPaths: 
TpTrace Verbose: 0 : 14244, 6, 2022/08/10, 12:11:10.317, 19640923345392, vstest.console.dll, TestRequestSender.InitializeExecution: Sending initializing execution with message: {"Version":5,"MessageType":"TestExecution.Initialize","Payload":["C:\\git\\SysManager\\SysManager.Tests\\bin\\Debug\\netcoreapp3.1\\fine-code-coverage\\build-output\\xunit.runner.visualstudio.dotnetcore.testadapter.dll"]}
TpTrace Verbose: 0 : 14244, 13, 2022/08/10, 12:11:10.321, 19640923381056, vstest.console.dll, TcpClientExtensions.MessageLoopAsync: NotifyDataAvailable remoteEndPoint: 127.0.0.1:64838 localEndPoint: 127.0.0.1:64837
TpTrace Verbose: 0 : 14244, 13, 2022/08/10, 12:11:10.321, 19640923386742, vstest.console.dll, TestRequestSender.OnExecutionMessageReceived: Received message: {"Version":5,"MessageType":"TestSession.Message","Payload":{"MessageLevel":0,"Message":"Logging TestHost Diagnostics in file: C:\\git\\SysManager\\SysManager.Tests\\bin\\Debug\\netcoreapp3.1\\fine-code-coverage\\coverage-tool-output\\diagnostics.host.22-08-10_12-11-09_93791_6.log"}}
TpTrace Verbose: 0 : 14244, 13, 2022/08/10, 12:11:10.324, 19640923410184, vstest.console.dll, TestRunRequest:SendTestRunMessage: Starting.
TpTrace Information: 0 : 14244, 13, 2022/08/10, 12:11:10.324, 19640923411375, vstest.console.dll, TestRunRequest:SendTestRunMessage: Completed.
TpTrace Verbose: 0 : 14244, 13, 2022/08/10, 12:11:10.324, 19640923411838, vstest.console.dll, TcpClientExtensions.MessageLoopAsync: Polling on remoteEndPoint: 127.0.0.1:64838 localEndPoint: 127.0.0.1:64837
TpTrace Verbose: 0 : 14244, 6, 2022/08/10, 12:11:10.325, 19640923418054, vstest.console.dll, TestRequestSender.StartTestRun: Sending test run with message: {"Version":5,"MessageType":"TestExecution.StartWithSources","Payload":{"AdapterSourceMap":{"_none_":["C:\\git\\SysManager\\SysManager.Tests\\bin\\Debug\\netcoreapp3.1\\fine-code-coverage\\build-output\\SysManager.Tests.dll"]},"RunSettings":"<RunSettings>\r\n  <RunConfiguration>\r\n    <ResultsDirectory>C:\\git\\SysManager\\SysManager.Tests\\bin\\Debug\\netcoreapp3.1\\fine-code-coverage\\coverage-tool-output</ResultsDirectory>\r\n    <TargetPlatform>X64</TargetPlatform>\r\n    <TargetFrameworkVersion>.NETCoreApp,Version=v3.1</TargetFrameworkVersion>\r\n    <DesignMode>False</DesignMode>\r\n    <CollectSourceInformation>False</CollectSourceInformation>\r\n  </RunConfiguration>\r\n  <LoggerRunSettings>\r\n    <Loggers>\r\n      <Logger friendlyName=\"blame\" enabled=\"True\" />\r\n      <Logger friendlyName=\"Console\" uri=\"logger://microsoft/TestPlatform/ConsoleLogger/v1\" assemblyQualifiedName=\"Microsoft.VisualStudio.TestPlatform.CommandLine.Internal.ConsoleLogger, vstest.console, Version=15.0.0.0, Culture=neutral, PublicKeyToken=b03f5f7f11d50a3a\" codeBase=\"C:\\Program Files\\dotnet\\sdk\\5.0.301\\vstest.console.dll\" enabled=\"True\" />\r\n    </Loggers>\r\n  </LoggerRunSettings>\r\n  <DataCollectionRunSettings>\r\n    <DataCollectors>\r\n      <DataCollector friendlyName=\"blame\" enabled=\"True\">\r\n        <Configuration>\r\n          <ResultsDirectory>C:\\git\\SysManager\\SysManager.Tests\\bin\\Debug\\netcoreapp3.1\\fine-code-coverage\\coverage-tool-output</ResultsDirectory>\r\n        </Configuration>\r\n      </DataCollector>\r\n    </DataCollectors>\r\n  </DataCollectionRunSettings>\r\n</RunSettings>","TestExecutionContext":{"FrequencyOfRunStatsChangeEvent":10,"RunStatsChangeEventTimeout":"00:00:01.5000000","InIsolation":false,"KeepAlive":false,"AreTestCaseLevelEventsRequired":false,"IsDebug":false,"TestCaseFilter":null,"FilterOptions":null},"Package":null}}
TpTrace Verbose: 0 : 14244, 13, 2022/08/10, 12:11:10.466, 19640924829939, vstest.console.dll, TcpClientExtensions.MessageLoopAsync: NotifyDataAvailable remoteEndPoint: 127.0.0.1:64838 localEndPoint: 127.0.0.1:64837
TpTrace Verbose: 0 : 14244, 13, 2022/08/10, 12:11:10.466, 19640924832411, vstest.console.dll, TestRequestSender.OnExecutionMessageReceived: Received message: {"Version":5,"MessageType":"TestSession.Message","Payload":{"MessageLevel":0,"Message":"[xUnit.net 00:00:00.00] xUnit.net VSTest Adapter v2.4.3+1b45f5407b (64-bit .NET Core 3.1.16)"}}
TpTrace Verbose: 0 : 14244, 13, 2022/08/10, 12:11:10.466, 19640924835501, vstest.console.dll, TestRunRequest:SendTestRunMessage: Starting.
TpTrace Information: 0 : 14244, 13, 2022/08/10, 12:11:10.466, 19640924836206, vstest.console.dll, TestRunRequest:SendTestRunMessage: Completed.
TpTrace Verbose: 0 : 14244, 13, 2022/08/10, 12:11:10.466, 19640924836449, vstest.console.dll, TcpClientExtensions.MessageLoopAsync: Polling on remoteEndPoint: 127.0.0.1:64838 localEndPoint: 127.0.0.1:64837
TpTrace Verbose: 0 : 14244, 13, 2022/08/10, 12:11:11.255, 19640932724075, vstest.console.dll, TcpClientExtensions.MessageLoopAsync: NotifyDataAvailable remoteEndPoint: 127.0.0.1:64838 localEndPoint: 127.0.0.1:64837
TpTrace Verbose: 0 : 14244, 13, 2022/08/10, 12:11:11.255, 19640932726225, vstest.console.dll, TestRequestSender.OnExecutionMessageReceived: Received message: {"Version":5,"MessageType":"TestSession.Message","Payload":{"MessageLevel":0,"Message":"[xUnit.net 00:00:00.79]   Discovering: SysManager.Tests"}}
TpTrace Verbose: 0 : 14244, 13, 2022/08/10, 12:11:11.256, 19640932728280, vstest.console.dll, TestRunRequest:SendTestRunMessage: Starting.
TpTrace Information: 0 : 14244, 13, 2022/08/10, 12:11:11.256, 19640932728791, vstest.console.dll, TestRunRequest:SendTestRunMessage: Completed.
TpTrace Verbose: 0 : 14244, 13, 2022/08/10, 12:11:11.256, 19640932729154, vstest.console.dll, TcpClientExtensions.MessageLoopAsync: Polling on remoteEndPoint: 127.0.0.1:64838 localEndPoint: 127.0.0.1:64837
TpTrace Verbose: 0 : 14244, 13, 2022/08/10, 12:11:11.286, 19640933033459, vstest.console.dll, TcpClientExtensions.MessageLoopAsync: NotifyDataAvailable remoteEndPoint: 127.0.0.1:64838 localEndPoint: 127.0.0.1:64837
TpTrace Verbose: 0 : 14244, 13, 2022/08/10, 12:11:11.286, 19640933035334, vstest.console.dll, TestRequestSender.OnExecutionMessageReceived: Received message: {"Version":5,"MessageType":"TestSession.Message","Payload":{"MessageLevel":0,"Message":"[xUnit.net 00:00:00.82]   Discovered:  SysManager.Tests"}}
TpTrace Verbose: 0 : 14244, 13, 2022/08/10, 12:11:11.286, 19640933036649, vstest.console.dll, TestRunRequest:SendTestRunMessage: Starting.
TpTrace Information: 0 : 14244, 13, 2022/08/10, 12:11:11.287, 19640933037209, vstest.console.dll, TestRunRequest:SendTestRunMessage: Completed.
TpTrace Verbose: 0 : 14244, 13, 2022/08/10, 12:11:11.287, 19640933037431, vstest.console.dll, TcpClientExtensions.MessageLoopAsync: Polling on remoteEndPoint: 127.0.0.1:64838 localEndPoint: 127.0.0.1:64837
TpTrace Verbose: 0 : 14244, 13, 2022/08/10, 12:11:11.288, 19640933051638, vstest.console.dll, TcpClientExtensions.MessageLoopAsync: NotifyDataAvailable remoteEndPoint: 127.0.0.1:64838 localEndPoint: 127.0.0.1:64837
TpTrace Verbose: 0 : 14244, 13, 2022/08/10, 12:11:11.288, 19640933053941, vstest.console.dll, TestRequestSender.OnExecutionMessageReceived: Received message: {"Version":5,"MessageType":"TestSession.Message","Payload":{"MessageLevel":0,"Message":"[xUnit.net 00:00:00.82]   Starting:    SysManager.Tests"}}
TpTrace Verbose: 0 : 14244, 13, 2022/08/10, 12:11:11.288, 19640933055084, vstest.console.dll, TestRunRequest:SendTestRunMessage: Starting.
TpTrace Information: 0 : 14244, 13, 2022/08/10, 12:11:11.288, 19640933055716, vstest.console.dll, TestRunRequest:SendTestRunMessage: Completed.
TpTrace Verbose: 0 : 14244, 13, 2022/08/10, 12:11:11.288, 19640933056054, vstest.console.dll, TcpClientExtensions.MessageLoopAsync: Polling on remoteEndPoint: 127.0.0.1:64838 localEndPoint: 127.0.0.1:64837
TpTrace Verbose: 0 : 14244, 13, 2022/08/10, 12:11:11.381, 19640933984861, vstest.console.dll, TcpClientExtensions.MessageLoopAsync: NotifyDataAvailable remoteEndPoint: 127.0.0.1:64838 localEndPoint: 127.0.0.1:64837
TpTrace Verbose: 0 : 14244, 13, 2022/08/10, 12:11:11.381, 19640933986871, vstest.console.dll, TestRequestSender.OnExecutionMessageReceived: Received message: {"Version":5,"MessageType":"TestSession.Message","Payload":{"MessageLevel":2,"Message":"[xUnit.net 00:00:00.92]     SysManager.Tests.Helpers.UtilsTests.ToJsonSuccess [FAIL]"}}
TpTrace Verbose: 0 : 14244, 13, 2022/08/10, 12:11:11.382, 19640933989540, vstest.console.dll, TestRunRequest:SendTestRunMessage: Starting.
TpTrace Information: 0 : 14244, 13, 2022/08/10, 12:11:11.382, 19640933990143, vstest.console.dll, TestRunRequest:SendTestRunMessage: Completed.
TpTrace Verbose: 0 : 14244, 13, 2022/08/10, 12:11:11.382, 19640933990627, vstest.console.dll, TcpClientExtensions.MessageLoopAsync: Polling on remoteEndPoint: 127.0.0.1:64838 localEndPoint: 127.0.0.1:64837
TpTrace Verbose: 0 : 14244, 13, 2022/08/10, 12:11:11.382, 19640933994456, vstest.console.dll, TcpClientExtensions.MessageLoopAsync: NotifyDataAvailable remoteEndPoint: 127.0.0.1:64838 localEndPoint: 127.0.0.1:64837
TpTrace Verbose: 0 : 14244, 13, 2022/08/10, 12:11:11.382, 19640933995401, vstest.console.dll, TestRequestSender.OnExecutionMessageReceived: Received message: {"Version":5,"MessageType":"TestSession.Message","Payload":{"MessageLevel":0,"Message":"[xUnit.net 00:00:00.92]       Assert.Equal() Failure"}}
TpTrace Verbose: 0 : 14244, 13, 2022/08/10, 12:11:11.382, 19640933996661, vstest.console.dll, TestRunRequest:SendTestRunMessage: Starting.
TpTrace Information: 0 : 14244, 13, 2022/08/10, 12:11:11.383, 19640933997263, vstest.console.dll, TestRunRequest:SendTestRunMessage: Completed.
TpTrace Verbose: 0 : 14244, 13, 2022/08/10, 12:11:11.383, 19640933997625, vstest.console.dll, TcpClientExtensions.MessageLoopAsync: Polling on remoteEndPoint: 127.0.0.1:64838 localEndPoint: 127.0.0.1:64837
TpTrace Verbose: 0 : 14244, 13, 2022/08/10, 12:11:11.383, 19640934003583, vstest.console.dll, TcpClientExtensions.MessageLoopAsync: NotifyDataAvailable remoteEndPoint: 127.0.0.1:64838 localEndPoint: 127.0.0.1:64837
TpTrace Verbose: 0 : 14244, 13, 2022/08/10, 12:11:11.383, 19640934004447, vstest.console.dll, TestRequestSender.OnExecutionMessageReceived: Received message: {"Version":5,"MessageType":"TestSession.Message","Payload":{"MessageLevel":0,"Message":"[xUnit.net 00:00:00.92]                  ↓ (pos 1)"}}
TpTrace Verbose: 0 : 14244, 13, 2022/08/10, 12:11:11.383, 19640934005530, vstest.console.dll, TestRunRequest:SendTestRunMessage: Starting.
TpTrace Information: 0 : 14244, 13, 2022/08/10, 12:11:11.383, 19640934005981, vstest.console.dll, TestRunRequest:SendTestRunMessage: Completed.
TpTrace Verbose: 0 : 14244, 13, 2022/08/10, 12:11:11.383, 19640934006334, vstest.console.dll, TcpClientExtensions.MessageLoopAsync: Polling on remoteEndPoint: 127.0.0.1:64838 localEndPoint: 127.0.0.1:64837
TpTrace Verbose: 0 : 14244, 13, 2022/08/10, 12:11:11.383, 19640934006772, vstest.console.dll, TcpClientExtensions.MessageLoopAsync: NotifyDataAvailable remoteEndPoint: 127.0.0.1:64838 localEndPoint: 127.0.0.1:64837
TpTrace Verbose: 0 : 14244, 13, 2022/08/10, 12:11:11.384, 19640934007161, vstest.console.dll, TestRequestSender.OnExecutionMessageReceived: Received message: {"Version":5,"MessageType":"TestSession.Message","Payload":{"MessageLevel":0,"Message":"[xUnit.net 00:00:00.92]       Expected: {\"Name\":\"test\",\"Active\":true}"}}
TpTrace Verbose: 0 : 14244, 13, 2022/08/10, 12:11:11.384, 19640934007957, vstest.console.dll, TestRunRequest:SendTestRunMessage: Starting.
TpTrace Information: 0 : 14244, 13, 2022/08/10, 12:11:11.384, 19640934008354, vstest.console.dll, TestRunRequest:SendTestRunMessage: Completed.
TpTrace Verbose: 0 : 14244, 13, 2022/08/10, 12:11:11.384, 19640934008660, vstest.console.dll, TcpClientExtensions.MessageLoopAsync: Polling on remoteEndPoint: 127.0.0.1:64838 localEndPoint: 127.0.0.1:64837
TpTrace Verbose: 0 : 14244, 13, 2022/08/10, 12:11:11.384, 19640934009105, vstest.console.dll, TcpClientExtensions.MessageLoopAsync: NotifyDataAvailable remoteEndPoint: 127.0.0.1:64838 localEndPoint: 127.0.0.1:64837
TpTrace Verbose: 0 : 14244, 13, 2022/08/10, 12:11:11.384, 19640934009692, vstest.console.dll, TestRequestSender.OnExecutionMessageReceived: Received message: {"Version":5,"MessageType":"TestSession.Message","Payload":{"MessageLevel":0,"Message":"[xUnit.net 00:00:00.92]       Actual:   {\\r\\n  \"Name\": \"test\",\\r\\n  \"Active\": true\\r\\n}"}}
TpTrace Verbose: 0 : 14244, 13, 2022/08/10, 12:11:11.384, 19640934010400, vstest.console.dll, TestRunRequest:SendTestRunMessage: Starting.
TpTrace Information: 0 : 14244, 13, 2022/08/10, 12:11:11.384, 19640934010763, vstest.console.dll, TestRunRequest:SendTestRunMessage: Completed.
TpTrace Verbose: 0 : 14244, 13, 2022/08/10, 12:11:11.384, 19640934011081, vstest.console.dll, TcpClientExtensions.MessageLoopAsync: Polling on remoteEndPoint: 127.0.0.1:64838 localEndPoint: 127.0.0.1:64837
TpTrace Verbose: 0 : 14244, 13, 2022/08/10, 12:11:11.384, 19640934011402, vstest.console.dll, TcpClientExtensions.MessageLoopAsync: NotifyDataAvailable remoteEndPoint: 127.0.0.1:64838 localEndPoint: 127.0.0.1:64837
TpTrace Verbose: 0 : 14244, 13, 2022/08/10, 12:11:11.384, 19640934011849, vstest.console.dll, TestRequestSender.OnExecutionMessageReceived: Received message: {"Version":5,"MessageType":"TestSession.Message","Payload":{"MessageLevel":0,"Message":"[xUnit.net 00:00:00.92]                  ↑ (pos 1)"}}
TpTrace Verbose: 0 : 14244, 13, 2022/08/10, 12:11:11.384, 19640934012501, vstest.console.dll, TestRunRequest:SendTestRunMessage: Starting.
TpTrace Information: 0 : 14244, 13, 2022/08/10, 12:11:11.384, 19640934012868, vstest.console.dll, TestRunRequest:SendTestRunMessage: Completed.
TpTrace Verbose: 0 : 14244, 13, 2022/08/10, 12:11:11.384, 19640934013098, vstest.console.dll, TcpClientExtensions.MessageLoopAsync: Polling on remoteEndPoint: 127.0.0.1:64838 localEndPoint: 127.0.0.1:64837
TpTrace Verbose: 0 : 14244, 13, 2022/08/10, 12:11:11.385, 19640934017768, vstest.console.dll, TcpClientExtensions.MessageLoopAsync: NotifyDataAvailable remoteEndPoint: 127.0.0.1:64838 localEndPoint: 127.0.0.1:64837
TpTrace Verbose: 0 : 14244, 13, 2022/08/10, 12:11:11.385, 19640934018825, vstest.console.dll, TestRequestSender.OnExecutionMessageReceived: Received message: {"Version":5,"MessageType":"TestSession.Message","Payload":{"MessageLevel":0,"Message":"[xUnit.net 00:00:00.92]       Stack Trace:"}}
TpTrace Verbose: 0 : 14244, 13, 2022/08/10, 12:11:11.385, 19640934019731, vstest.console.dll, TestRunRequest:SendTestRunMessage: Starting.
TpTrace Information: 0 : 14244, 13, 2022/08/10, 12:11:11.385, 19640934020352, vstest.console.dll, TestRunRequest:SendTestRunMessage: Completed.
TpTrace Verbose: 0 : 14244, 13, 2022/08/10, 12:11:11.385, 19640934020595, vstest.console.dll, TcpClientExtensions.MessageLoopAsync: Polling on remoteEndPoint: 127.0.0.1:64838 localEndPoint: 127.0.0.1:64837
TpTrace Verbose: 0 : 14244, 13, 2022/08/10, 12:11:11.385, 19640934026840, vstest.console.dll, TcpClientExtensions.MessageLoopAsync: NotifyDataAvailable remoteEndPoint: 127.0.0.1:64838 localEndPoint: 127.0.0.1:64837
TpTrace Verbose: 0 : 14244, 13, 2022/08/10, 12:11:11.386, 19640934027740, vstest.console.dll, TestRequestSender.OnExecutionMessageReceived: Received message: {"Version":5,"MessageType":"TestSession.Message","Payload":{"MessageLevel":0,"Message":"[xUnit.net 00:00:00.92]         C:\\git\\SysManager\\SysManager.Tests\\Helpers\\UtilsTests.cs(26,0): at SysManager.Tests.Helpers.UtilsTests.ToJsonSuccess()"}}
TpTrace Verbose: 0 : 14244, 13, 2022/08/10, 12:11:11.386, 19640934028638, vstest.console.dll, TestRunRequest:SendTestRunMessage: Starting.
TpTrace Information: 0 : 14244, 13, 2022/08/10, 12:11:11.386, 19640934029197, vstest.console.dll, TestRunRequest:SendTestRunMessage: Completed.
TpTrace Verbose: 0 : 14244, 13, 2022/08/10, 12:11:11.386, 19640934029438, vstest.console.dll, TcpClientExtensions.MessageLoopAsync: Polling on remoteEndPoint: 127.0.0.1:64838 localEndPoint: 127.0.0.1:64837
TpTrace Verbose: 0 : 14244, 13, 2022/08/10, 12:11:11.517, 19640935343200, vstest.console.dll, TcpClientExtensions.MessageLoopAsync: NotifyDataAvailable remoteEndPoint: 127.0.0.1:64838 localEndPoint: 127.0.0.1:64837
TpTrace Verbose: 0 : 14244, 13, 2022/08/10, 12:11:11.517, 19640935345021, vstest.console.dll, TestRequestSender.OnExecutionMessageReceived: Received message: {"Version":5,"MessageType":"TestSession.Message","Payload":{"MessageLevel":0,"Message":"[xUnit.net 00:00:01.05]   Finished:    SysManager.Tests"}}
TpTrace Verbose: 0 : 14244, 13, 2022/08/10, 12:11:11.517, 19640935346478, vstest.console.dll, TestRunRequest:SendTestRunMessage: Starting.
TpTrace Information: 0 : 14244, 13, 2022/08/10, 12:11:11.518, 19640935347281, vstest.console.dll, TestRunRequest:SendTestRunMessage: Completed.
TpTrace Verbose: 0 : 14244, 13, 2022/08/10, 12:11:11.518, 19640935347814, vstest.console.dll, TcpClientExtensions.MessageLoopAsync: Polling on remoteEndPoint: 127.0.0.1:64838 localEndPoint: 127.0.0.1:64837
TpTrace Verbose: 0 : 14244, 13, 2022/08/10, 12:11:11.550, 19640935671792, vstest.console.dll, TcpClientExtensions.MessageLoopAsync: NotifyDataAvailable remoteEndPoint: 127.0.0.1:64838 localEndPoint: 127.0.0.1:64837
TpTrace Verbose: 0 : 14244, 13, 2022/08/10, 12:11:11.550, 19640935675085, vstest.console.dll, TestRequestSender.OnExecutionMessageReceived: Received message: {"Version":5,"MessageType":"TestExecution.Completed","Payload":{"TestRunCompleteArgs":{"TestRunStatistics":{"ExecutedTests":5,"Stats":{"Failed":1,"Passed":4}},"IsCanceled":false,"IsAborted":false,"Error":null,"AttachmentSets":[],"ElapsedTimeInRunningTests":"00:00:01.0675165","Metrics":{}},"LastRunTests":{"NewTestResults":[{"TestCase":{"Id":"ecba7d23-6a18-beff-606e-10e9ba3ae0df","FullyQualifiedName":"SysManager.Tests.Helpers.UtilsTests.ToJsonSuccess","DisplayName":"SysManager.Tests.Helpers.UtilsTests.ToJsonSuccess","ExecutorUri":"executor://xunit/VsTestRunner2/netcoreapp","Source":"C:\\git\\SysManager\\SysManager.Tests\\bin\\Debug\\netcoreapp3.1\\fine-code-coverage\\build-output\\SysManager.Tests.dll","CodeFilePath":null,"LineNumber":0,"Properties":[]},"Attachments":[],"Outcome":2,"ErrorMessage":"Assert.Equal() Failure\r\n           ↓ (pos 1)\r\nExpected: {\"Name\":\"test\",\"Active\":true}\r\nActual:   {\\r\\n  \"Name\": \"test\",\\r\\n  \"Active\": true\\r\\n}\r\n           ↑ (pos 1)","ErrorStackTrace":"   at SysManager.Tests.Helpers.UtilsTests.ToJsonSuccess() in C:\\git\\SysManager\\SysManager.Tests\\Helpers\\UtilsTests.cs:line 26","DisplayName":"SysManager.Tests.Helpers.UtilsTests.ToJsonSuccess","Messages":[],"ComputerName":"DESKTOP-E6L9K9M","Duration":"00:00:00.0072110","StartTime":"2022-08-10T15:11:11.3879074+00:00","EndTime":"2022-08-10T15:11:11.3880656+00:00","Properties":[]},{"TestCase":{"Id":"9470175e-5c50-2b83-fcb2-653760f2cb38","FullyQualifiedName":"SysManager.Tests.Services.UnityServiceTests.Unity_Put_Error","DisplayName":"Test Put Error","ExecutorUri":"executor://xunit/VsTestRunner2/netcoreapp","Source":"C:\\git\\SysManager\\SysManager.Tests\\bin\\Debug\\netcoreapp3.1\\fine-code-coverage\\build-output\\SysManager.Tests.dll","CodeFilePath":null,"LineNumber":0,"Properties":[]},"Attachments":[],"Outcome":1,"ErrorMessage":null,"ErrorStackTrace":null,"DisplayName":"Test Put Error","Messages":[],"ComputerName":"DESKTOP-E6L9K9M","Duration":"00:00:00.1540782","StartTime":"2022-08-10T15:11:11.5010655+00:00","EndTime":"2022-08-10T15:11:11.501068+00:00","Properties":[]},{"TestCase":{"Id":"f19e723a-e548-5e26-6735-285e7895dc53","FullyQualifiedName":"SysManager.Tests.Services.UnityServiceTests.Unity_Put_Success","DisplayName":"Test Put Success","ExecutorUri":"executor://xunit/VsTestRunner2/netcoreapp","Source":"C:\\git\\SysManager\\SysManager.Tests\\bin\\Debug\\netcoreapp3.1\\fine-code-coverage\\build-output\\SysManager.Tests.dll","CodeFilePath":null,"LineNumber":0,"Properties":[]},"Attachments":[],"Outcome":1,"ErrorMessage":null,"ErrorStackTrace":null,"DisplayName":"Test Put Success","Messages":[],"ComputerName":"DESKTOP-E6L9K9M","Duration":"00:00:00.0058291","StartTime":"2022-08-10T15:11:11.5063443+00:00","EndTime":"2022-08-10T15:11:11.5063477+00:00","Properties":[]},{"TestCase":{"Id":"a2dc1bd6-3580-e104-917a-c0e037a4dd71","FullyQualifiedName":"SysManager.Tests.Services.UnityServiceTests.Unity_Post_Error","DisplayName":"SysManager.Tests.Services.UnityServiceTests.Unity_Post_Error","ExecutorUri":"executor://xunit/VsTestRunner2/netcoreapp","Source":"C:\\git\\SysManager\\SysManager.Tests\\bin\\Debug\\netcoreapp3.1\\fine-code-coverage\\build-output\\SysManager.Tests.dll","CodeFilePath":null,"LineNumber":0,"Properties":[]},"Attachments":[],"Outcome":1,"ErrorMessage":null,"ErrorStackTrace":null,"DisplayName":"SysManager.Tests.Services.UnityServiceTests.Unity_Post_Error","Messages":[],"ComputerName":"DESKTOP-E6L9K9M","Duration":"00:00:00.0044912","StartTime":"2022-08-10T15:11:11.5108793+00:00","EndTime":"2022-08-10T15:11:11.5108825+00:00","Properties":[]},{"TestCase":{"Id":"e874e7b4-1809-5a2b-3447-f28dcb314c40","FullyQualifiedName":"SysManager.Tests.Services.UnityServiceTests.Unity_Post_Success","DisplayName":"SysManager.Tests.Services.UnityServiceTests.Unity_Post_Success","ExecutorUri":"executor://xunit/VsTestRunner2/netcoreapp","Source":"C:\\git\\SysManager\\SysManager.Tests\\bin\\Debug\\netcoreapp3.1\\fine-code-coverage\\build-output\\SysManager.Tests.dll","CodeFilePath":null,"LineNumber":0,"Properties":[]},"Attachments":[],"Outcome":1,"ErrorMessage":null,"ErrorStackTrace":null,"DisplayName":"SysManager.Tests.Services.UnityServiceTests.Unity_Post_Success","Messages":[],"ComputerName":"DESKTOP-E6L9K9M","Duration":"00:00:00.0014679","StartTime":"2022-08-10T15:11:11.5143998+00:00","EndTime":"2022-08-10T15:11:11.5144022+00:00","Properties":[]}],"TestRunStatistics":{"ExecutedTests":5,"Stats":{"Failed":1,"Passed":4}},"ActiveTests":[]},"RunAttachments":[],"ExecutorUris":["executor://xunit/VsTestRunner2/netcoreapp"]}}
TpTrace Verbose: 0 : 14244, 13, 2022/08/10, 12:11:11.553, 19640935701185, vstest.console.dll, TestRequestSender.EndSession: Sending end session.
TpTrace Verbose: 0 : 14244, 13, 2022/08/10, 12:11:11.553, 19640935703610, vstest.console.dll, ProxyOperationManager.Close: waiting for test host to exit for 100 ms
TpTrace Warning: 0 : 14244, 10, 2022/08/10, 12:11:11.591, 19640936080077, vstest.console.dll, TestHostManagerCallbacks.ErrorReceivedCallback Test host standard error line: 
TpTrace Verbose: 0 : 14244, 7, 2022/08/10, 12:11:11.606, 19640936235182, vstest.console.dll, TestHostProvider.ExitCallBack: Host exited starting callback.
TpTrace Information: 0 : 14244, 7, 2022/08/10, 12:11:11.607, 19640936241619, vstest.console.dll, TestHostManagerCallbacks.ExitCallBack: Testhost processId: 19920 exited with exitcode: 0 error: ''
TpTrace Verbose: 0 : 14244, 7, 2022/08/10, 12:11:11.607, 19640936242423, vstest.console.dll, DotnetTestHostManager.OnHostExited: invoking OnHostExited callback
TpTrace Verbose: 0 : 14244, 7, 2022/08/10, 12:11:11.607, 19640936243155, vstest.console.dll, CrossPlatEngine.TestHostManagerHostExited: calling on client process exit callback.
TpTrace Information: 0 : 14244, 7, 2022/08/10, 12:11:11.607, 19640936243750, vstest.console.dll, TestRequestSender.OnClientProcessExit: Test host process exited. Standard error: 
TpTrace Information: 0 : 14244, 7, 2022/08/10, 12:11:11.607, 19640936244262, vstest.console.dll, SocketServer.Stop: Stop server endPoint: 127.0.0.1:64837
TpTrace Warning: 0 : 14244, 13, 2022/08/10, 12:11:11.607, 19640936244366, vstest.console.dll, ProxyOperationManager: Timed out waiting for test host to exit. Will terminate process.
TpTrace Information: 0 : 14244, 7, 2022/08/10, 12:11:11.607, 19640936244492, vstest.console.dll, SocketServer.Stop: Cancellation requested. Stopping message loop.
TpTrace Verbose: 0 : 14244, 13, 2022/08/10, 12:11:11.608, 19640936251814, vstest.console.dll, ProxyDataCollectionManager.InvokeDataCollectionServiceAction: Starting.
TpTrace Information: 0 : 14244, 13, 2022/08/10, 12:11:11.608, 19640936252267, vstest.console.dll, ProxyDataCollectionManager.AfterTestRunEnd: Get attachment set for datacollector processId: 1448 port: 64831
TpTrace Verbose: 0 : 14244, 13, 2022/08/10, 12:11:11.608, 19640936252595, vstest.console.dll, DataCollectionRequestSender.SendAfterTestRunStartAndGetResult : Send AfterTestRunEnd message with isCancelled: False
TpTrace Verbose: 0 : 14244, 13, 2022/08/10, 12:11:11.614, 19640936314951, vstest.console.dll, DataCollectionRequestSender.SendAfterTestRunStartAndGetResult : Received message: (DataCollection.AfterTestRunEndResult) -> {
  "AttachmentSets": [],
  "Metrics": {}
}
TpTrace Information: 0 : 14244, 13, 2022/08/10, 12:11:11.619, 19640936357217, vstest.console.dll, ProxyDataCollectionManager.InvokeDataCollectionServiceAction: Completed.
TpTrace Warning: 0 : 14244, 9, 2022/08/10, 12:11:11.634, 19640936515032, vstest.console.dll, DataCollectionLauncher.ErrorReceivedCallback datacollector standard error line: 
TpTrace Information: 0 : 14244, 7, 2022/08/10, 12:11:11.639, 19640936566828, vstest.console.dll, DataCollectionLauncher.ExitCallBack: Data collector exited with exitcode: 0 error: ''
TpTrace Verbose: 0 : 14244, 13, 2022/08/10, 12:11:11.665, 19640936823840, vstest.console.dll, TestRunRequest:SendTestRunStatsChange: Starting.
TpTrace Information: 0 : 14244, 13, 2022/08/10, 12:11:11.665, 19640936825756, vstest.console.dll, TestRunRequest:SendTestRunStatsChange: Completed.
TpTrace Verbose: 0 : 14244, 13, 2022/08/10, 12:11:11.666, 19640936826991, vstest.console.dll, ParallelProxyExecutionManager: HandlePartialRunComplete: Total completed clients = 1, Run complete = True, Run canceled: False.
TpTrace Verbose: 0 : 14244, 13, 2022/08/10, 12:11:11.686, 19640937027748, vstest.console.dll, TestRunRequest:TestRunComplete: Starting. IsAborted:False IsCanceled:False.
TpTrace Verbose: 0 : 14244, 13, 2022/08/10, 12:11:11.686, 19640937030143, vstest.console.dll, TestLoggerManager.HandleTestRunComplete: Ignoring as the object is disposed.
TpTrace Information: 0 : 14244, 13, 2022/08/10, 12:11:11.686, 19640937032742, vstest.console.dll, TestRunRequest:TestRunComplete: Completed.
TpTrace Verbose: 0 : 14244, 13, 2022/08/10, 12:11:11.686, 19640937033219, vstest.console.dll, TestRequestSender.SetOperationComplete: Setting operation complete.
TpTrace Information: 0 : 14244, 13, 2022/08/10, 12:11:11.686, 19640937033517, vstest.console.dll, SocketServer.Stop: Stop server endPoint: 127.0.0.1:64837
TpTrace Information: 0 : 14244, 13, 2022/08/10, 12:11:11.686, 19640937033851, vstest.console.dll, SocketServer.Stop: Cancellation requested. Stopping message loop.
TpTrace Information: 0 : 14244, 13, 2022/08/10, 12:11:11.686, 19640937034198, vstest.console.dll, SocketServer.PrivateStop: Stop server endPoint: 127.0.0.1:64837 error: 
TpTrace Verbose: 0 : 14244, 1, 2022/08/10, 12:11:11.686, 19640937034638, vstest.console.dll, TestRunRequest.Dispose: Starting.
TpTrace Information: 0 : 14244, 1, 2022/08/10, 12:11:11.686, 19640937035488, vstest.console.dll, TestRunRequest.Dispose: Completed.
TpTrace Information: 0 : 14244, 1, 2022/08/10, 12:11:11.686, 19640937036029, vstest.console.dll, TestRequestManager.RunTests: run tests completed.
TpTrace Information: 0 : 14244, 1, 2022/08/10, 12:11:11.686, 19640937036842, vstest.console.dll, RunTestsArgumentProcessor:Execute: Test run is completed.
TpTrace Verbose: 0 : 14244, 1, 2022/08/10, 12:11:11.687, 19640937038762, vstest.console.dll, Executor.Execute: Exiting with exit code of 1
TpTrace Verbose: 0 : 14244, 13, 2022/08/10, 12:11:11.687, 19640937039383, vstest.console.dll, LengthPrefixCommunicationChannel.Dispose: Dispose reader and writer.
TpTrace Information: 0 : 14244, 13, 2022/08/10, 12:11:11.687, 19640937040300, vstest.console.dll, SocketServer.Stop: Raise disconnected event endPoint: 127.0.0.1:64837 error: 
TpTrace Verbose: 0 : 14244, 13, 2022/08/10, 12:11:11.687, 19640937041374, vstest.console.dll, TestRequestSender: OnTestRunAbort: Operation is already complete. Skip error message.
TpTrace Verbose: 0 : 14244, 13, 2022/08/10, 12:11:11.687, 19640937041602, vstest.console.dll, TcpClientExtensions.MessageLoopAsync: exiting MessageLoopAsync remoteEndPoint: 127.0.0.1:64838 localEndPoint: 127.0.0.1:64837
